# JRE version: Java(TM) SE Runtime Environment (8.0_301-b09) (build 1.8.0_301-b09)
# Java VM: Java HotSpot(TM) 64-Bit Server VM (25.301-b09 mixed mode windows-amd64 compressed oops)
Heap:
 PSYoungGen      total 347136K, used 298971K [0x00000000d6100000, 0x00000000ef180000, 0x0000000100000000)
  eden space 329728K, 85% used [0x00000000d6100000,0x00000000e7444640,0x00000000ea300000)
  from space 17408K, 98% used [0x00000000ea300000,0x00000000eb3b2928,0x00000000eb400000)
  to   space 17408K, 0% used [0x00000000eb400000,0x00000000eb400000,0x00000000ec500000)
 ParOldGen       total 100864K, used 21953K [0x0000000082200000, 0x0000000088480000, 0x00000000d6100000)
  object space 100864K, 21% used [0x0000000082200000,0x0000000083770660,0x0000000088480000)
 Metaspace       used 70643K, capacity 75064K, committed 75156K, reserved 1114112K
  class space    used 9873K, capacity 10618K, committed 10644K, reserved 1048576K
GC Heap History (10 events):
Event: 19.116 GC heap before
{Heap before GC invocations=12 (full 2):
 PSYoungGen      total 192512K, used 181248K [0x00000000d6100000, 0x00000000e6e80000, 0x0000000100000000)
  eden space 181248K, 100% used [0x00000000d6100000,0x00000000e1200000,0x00000000e1200000)
  from space 11264K, 0% used [0x00000000e1200000,0x00000000e1200000,0x00000000e1d00000)
  to   space 11264K, 0% used [0x00000000e6380000,0x00000000e6380000,0x00000000e6e80000)
 ParOldGen       total 79360K, used 13459K [0x0000000082200000, 0x0000000086f80000, 0x00000000d6100000)
  object space 79360K, 16% used [0x0000000082200000,0x0000000082f24f18,0x0000000086f80000)
 Metaspace       used 40655K, capacity 43270K, committed 43480K, reserved 1087488K
  class space    used 5573K, capacity 6083K, committed 6104K, reserved 1048576K
Event: 19.145 GC heap after
Heap after GC invocations=12 (full 2):
 PSYoungGen      total 252416K, used 11232K [0x00000000d6100000, 0x00000000e6e80000, 0x0000000100000000)
  eden space 241152K, 0% used [0x00000000d6100000,0x00000000d6100000,0x00000000e4c80000)
  from space 11264K, 99% used [0x00000000e6380000,0x00000000e6e781c0,0x00000000e6e80000)
  to   space 12288K, 0% used [0x00000000e5680000,0x00000000e5680000,0x00000000e6280000)
 ParOldGen       total 79360K, used 13592K [0x0000000082200000, 0x0000000086f80000, 0x00000000d6100000)
  object space 79360K, 17% used [0x0000000082200000,0x0000000082f46250,0x0000000086f80000)
 Metaspace       used 40655K, capacity 43270K, committed 43480K, reserved 1087488K
  class space    used 5573K, capacity 6083K, committed 6104K, reserved 1048576K
}
Event: 28.252 GC heap before
{Heap before GC invocations=13 (full 2):
 PSYoungGen      total 252416K, used 252384K [0x00000000d6100000, 0x00000000e6e80000, 0x0000000100000000)
  eden space 241152K, 100% used [0x00000000d6100000,0x00000000e4c80000,0x00000000e4c80000)
  from space 11264K, 99% used [0x00000000e6380000,0x00000000e6e781c0,0x00000000e6e80000)
  to   space 12288K, 0% used [0x00000000e5680000,0x00000000e5680000,0x00000000e6280000)
 ParOldGen       total 79360K, used 13592K [0x0000000082200000, 0x0000000086f80000, 0x00000000d6100000)
  object space 79360K, 17% used [0x0000000082200000,0x0000000082f46250,0x0000000086f80000)
 Metaspace       used 55233K, capacity 58042K, committed 58456K, reserved 1099776K
  class space    used 7669K, capacity 8167K, committed 8280K, reserved 1048576K
Event: 28.573 GC heap after
Heap after GC invocations=13 (full 2):
 PSYoungGen      total 263680K, used 12265K [0x00000000d6100000, 0x00000000ec500000, 0x0000000100000000)
  eden space 251392K, 0% used [0x00000000d6100000,0x00000000d6100000,0x00000000e5680000)
  from space 12288K, 99% used [0x00000000e5680000,0x00000000e627a4f0,0x00000000e6280000)
  to   space 17408K, 0% used [0x00000000eb400000,0x00000000eb400000,0x00000000ec500000)
 ParOldGen       total 79360K, used 22721K [0x0000000082200000, 0x0000000086f80000, 0x00000000d6100000)
  object space 79360K, 28% used [0x0000000082200000,0x00000000838306d0,0x0000000086f80000)
 Metaspace       used 55233K, capacity 58042K, committed 58456K, reserved 1099776K
  class space    used 7669K, capacity 8167K, committed 8280K, reserved 1048576K
}
Event: 28.973 GC heap before
{Heap before GC invocations=14 (full 2):
 PSYoungGen      total 263680K, used 30750K [0x00000000d6100000, 0x00000000ec500000, 0x0000000100000000)
  eden space 251392K, 7% used [0x00000000d6100000,0x00000000d730d380,0x00000000e5680000)
  from space 12288K, 99% used [0x00000000e5680000,0x00000000e627a4f0,0x00000000e6280000)
  to   space 17408K, 0% used [0x00000000eb400000,0x00000000eb400000,0x00000000ec500000)
 ParOldGen       total 79360K, used 22721K [0x0000000082200000, 0x0000000086f80000, 0x00000000d6100000)
  object space 79360K, 28% used [0x0000000082200000,0x00000000838306d0,0x0000000086f80000)
 Metaspace       used 56005K, capacity 58774K, committed 59028K, reserved 1099776K
  class space    used 7790K, capacity 8305K, committed 8340K, reserved 1048576K
Event: 29.056 GC heap after
Heap after GC invocations=14 (full 2):
 PSYoungGen      total 347136K, used 1035K [0x00000000d6100000, 0x00000000ef180000, 0x0000000100000000)
  eden space 329728K, 0% used [0x00000000d6100000,0x00000000d6100000,0x00000000ea300000)
  from space 17408K, 5% used [0x00000000eb400000,0x00000000eb502d70,0x00000000ec500000)
  to   space 17408K, 0% used [0x00000000ea300000,0x00000000ea300000,0x00000000eb400000)
 ParOldGen       total 79360K, used 27415K [0x0000000082200000, 0x0000000086f80000, 0x00000000d6100000)
  object space 79360K, 34% used [0x0000000082200000,0x0000000083cc5d40,0x0000000086f80000)
 Metaspace       used 56005K, capacity 58774K, committed 59028K, reserved 1099776K
  class space    used 7790K, capacity 8305K, committed 8340K, reserved 1048576K
}
Event: 29.056 GC heap before
{Heap before GC invocations=15 (full 3):
 PSYoungGen      total 347136K, used 1035K [0x00000000d6100000, 0x00000000ef180000, 0x0000000100000000)
  eden space 329728K, 0% used [0x00000000d6100000,0x00000000d6100000,0x00000000ea300000)
  from space 17408K, 5% used [0x00000000eb400000,0x00000000eb502d70,0x00000000ec500000)
  to   space 17408K, 0% used [0x00000000ea300000,0x00000000ea300000,0x00000000eb400000)
 ParOldGen       total 79360K, used 27415K [0x0000000082200000, 0x0000000086f80000, 0x00000000d6100000)
  object space 79360K, 34% used [0x0000000082200000,0x0000000083cc5d40,0x0000000086f80000)
 Metaspace       used 56005K, capacity 58774K, committed 59028K, reserved 1099776K
  class space    used 7790K, capacity 8305K, committed 8340K, reserved 1048576K
Event: 29.459 GC heap after
Heap after GC invocations=15 (full 3):
 PSYoungGen      total 347136K, used 0K [0x00000000d6100000, 0x00000000ef180000, 0x0000000100000000)
  eden space 329728K, 0% used [0x00000000d6100000,0x00000000d6100000,0x00000000ea300000)
  from space 17408K, 0% used [0x00000000eb400000,0x00000000eb400000,0x00000000ec500000)
  to   space 17408K, 0% used [0x00000000ea300000,0x00000000ea300000,0x00000000eb400000)
 ParOldGen       total 100864K, used 21945K [0x0000000082200000, 0x0000000088480000, 0x00000000d6100000)
  object space 100864K, 21% used [0x0000000082200000,0x000000008376e660,0x0000000088480000)
 Metaspace       used 56005K, capacity 58774K, committed 59028K, reserved 1099776K
  class space    used 7790K, capacity 8305K, committed 8340K, reserved 1048576K
}
Event: 42.406 GC heap before
{Heap before GC invocations=16 (full 3):
 PSYoungGen      total 347136K, used 329728K [0x00000000d6100000, 0x00000000ef180000, 0x0000000100000000)
  eden space 329728K, 100% used [0x00000000d6100000,0x00000000ea300000,0x00000000ea300000)
  from space 17408K, 0% used [0x00000000eb400000,0x00000000eb400000,0x00000000ec500000)
  to   space 17408K, 0% used [0x00000000ea300000,0x00000000ea300000,0x00000000eb400000)
 ParOldGen       total 100864K, used 21945K [0x0000000082200000, 0x0000000088480000, 0x00000000d6100000)
  object space 100864K, 21% used [0x0000000082200000,0x000000008376e660,0x0000000088480000)
 Metaspace       used 65468K, capacity 69226K, committed 69396K, reserved 1110016K
  class space    used 9065K, capacity 9721K, committed 9748K, reserved 1048576K
Event: 42.634 GC heap after
Heap after GC invocations=16 (full 3):
 PSYoungGen      total 347136K, used 17098K [0x00000000d6100000, 0x00000000ef180000, 0x0000000100000000)
  eden space 329728K, 0% used [0x00000000d6100000,0x00000000d6100000,0x00000000ea300000)
  from space 17408K, 98% used [0x00000000ea300000,0x00000000eb3b2928,0x00000000eb400000)
  to   space 17408K, 0% used [0x00000000eb400000,0x00000000eb400000,0x00000000ec500000)
 ParOldGen       total 100864K, used 21953K [0x0000000082200000, 0x0000000088480000, 0x00000000d6100000)
  object space 100864K, 21% used [0x0000000082200000,0x0000000083770660,0x0000000088480000)
 Metaspace       used 65468K, capacity 69226K, committed 69396K, reserved 1110016K
  class space    used 9065K, capacity 9721K, committed 9748K, reserved 1048576K
}

